<?xml version="1.0" encoding="UTF-8"?>
<testng-results ignored="0" total="2" passed="2" failed="0" skipped="0">
  <reporter-output>
  </reporter-output>
  <suite started-at="2022-05-07T13:49:44 IST" name="Default suite" finished-at="2022-05-07T13:49:58 IST" duration-ms="13704">
    <groups>
    </groups>
    <test started-at="2022-05-07T13:49:44 IST" name="Default test" finished-at="2022-05-07T13:49:58 IST" duration-ms="13704">
      <class name="resass.Signup">
        <test-method is-config="true" signature="setup()[pri:0, instance:resass.Signup@4ac3c60d]" started-at="2022-05-07T13:49:44 IST" name="setup" finished-at="2022-05-07T13:49:46 IST" duration-ms="1725" status="PASS">
          <reporter-output>
          </reporter-output>
        </test-method> <!-- setup -->
        <test-method signature="signupRequest()[pri:1, instance:resass.Signup@4ac3c60d]" started-at="2022-05-07T13:49:46 IST" name="signupRequest" finished-at="2022-05-07T13:49:53 IST" duration-ms="7328" status="PASS">
          <reporter-output>
          </reporter-output>
        </test-method> <!-- signupRequest -->
        <test-method signature="loginRequest()[pri:2, instance:resass.Signup@4ac3c60d]" started-at="2022-05-07T13:49:53 IST" name="loginRequest" finished-at="2022-05-07T13:49:58 IST" duration-ms="4563" status="PASS">
          <reporter-output>
          </reporter-output>
        </test-method> <!-- loginRequest -->
      </class> <!-- resass.Signup -->
    </test> <!-- Default test -->
  </suite> <!-- Default suite -->
</testng-results>
